<?xml version="1.0" encoding="UTF-8"?>
<testsuite name="com.tr.example.tests.ContactDeletionTest" tests="1" skipped="0" failures="0" errors="0" timestamp="2018-08-31T17:09:18" hostname="Olgas-MacBook-Pro.local" time="4.399">
  <properties/>
  <testcase name="testContactDeletion" classname="com.tr.example.tests.ContactDeletionTest" time="4.399"/>
  <system-out><![CDATA[]]></system-out>
  <system-err><![CDATA[]]></system-err>
</testsuite>
