<?xml version="1.0" encoding="UTF-8"?>
<testsuite name="com.tr.example.tests.ContactCreationTest" tests="2" skipped="0" failures="0" errors="0" timestamp="2018-08-31T17:09:12" hostname="Olgas-MacBook-Pro.local" time="5.521">
  <properties/>
  <testcase name="testContactCreation" classname="com.tr.example.tests.ContactCreationTest" time="4.649"/>
  <testcase name="testContactCreation2" classname="com.tr.example.tests.ContactCreationTest" time="0.87"/>
  <system-out><![CDATA[]]></system-out>
  <system-err><![CDATA[]]></system-err>
</testsuite>
