<?xml version="1.0" encoding="UTF-8"?>
<testsuite name="com.tr.example.tests.GroupModificationTest" tests="2" skipped="0" failures="0" errors="0" timestamp="2018-09-29T17:43:16" hostname="Olgas-MacBook-Pro.local" time="4.228">
  <properties/>
  <testcase name="testGroupModification" classname="com.tr.example.tests.GroupModificationTest" time="0.992"/>
  <testcase name="testGroupModificationByIndex" classname="com.tr.example.tests.GroupModificationTest" time="3.235"/>
  <system-out><![CDATA[20:43:16.953 [Test worker] INFO  c.tr.example.tests.GroupCreationTest - Start testGroupModification
By.name: selected[]
By.name: selected[]found
By.tagName: h1
By.tagName: h1found
By.tagName: h1
By.tagName: h1found
By.linkText: groups
By.linkText: groupsfound
By.name: selected[]
By.name: selected[]found
By.name: edit
By.name: editfound
By.name: group_name
By.name: group_namefound
By.name: group_name
By.name: group_namefound
By.name: group_name
By.name: group_namefound
By.name: group_header
By.name: group_headerfound
By.name: group_header
By.name: group_headerfound
By.name: group_header
By.name: group_headerfound
By.name: group_footer
By.name: group_footerfound
By.name: group_footer
By.name: group_footerfound
By.name: group_footer
By.name: group_footerfound
By.name: update
By.name: updatefound
By.xpath: //a[contains(text(),'groups')]
By.xpath: //a[contains(text(),'groups')]found
By.name: selected[]
By.name: selected[]found
By.tagName: h1
By.tagName: h1found
By.tagName: h1
By.tagName: h1found
By.linkText: groups
By.linkText: groupsfound
By.cssSelector: span.group
By.cssSelector: span.groupfound
By.tagName: input
By.tagName: inputfound
By.tagName: input
By.tagName: inputfound
By.tagName: input
By.tagName: inputfound
By.tagName: input
By.tagName: inputfound
By.tagName: input
By.tagName: inputfound
By.tagName: input
By.tagName: inputfound
By.tagName: input
By.tagName: inputfound
By.tagName: input
By.tagName: inputfound
By.tagName: input
By.tagName: inputfound
By.tagName: input
By.tagName: inputfound
By.tagName: input
By.tagName: inputfound
By.tagName: input
By.tagName: inputfound
By.tagName: input
By.tagName: inputfound
By.tagName: input
By.tagName: inputfound
By.tagName: input
By.tagName: inputfound
By.tagName: input
By.tagName: inputfound
By.tagName: input
By.tagName: inputfound
By.tagName: input
By.tagName: inputfound
By.tagName: input
By.tagName: inputfound
By.tagName: input
By.tagName: inputfound
By.tagName: input
By.tagName: inputfound
By.tagName: input
By.tagName: inputfound
By.tagName: input
By.tagName: inputfound
By.tagName: input
By.tagName: inputfound
By.tagName: input
By.tagName: inputfound
By.tagName: input
By.tagName: inputfound
By.tagName: input
By.tagName: inputfound
By.tagName: input
By.tagName: inputfound
By.tagName: input
By.tagName: inputfound
By.tagName: input
By.tagName: inputfound
By.tagName: input
By.tagName: inputfound
By.tagName: input
By.tagName: inputfound
By.tagName: input
By.tagName: inputfound
By.tagName: input
By.tagName: inputfound
By.tagName: input
By.tagName: inputfound
By.tagName: input
By.tagName: inputfound
By.tagName: input
By.tagName: inputfound
By.tagName: input
By.tagName: inputfound
By.tagName: input
By.tagName: inputfound
By.tagName: input
By.tagName: inputfound
By.tagName: input
By.tagName: inputfound
By.name: selected[]
By.name: selected[]found
By.name: edit
By.name: editfound
By.name: group_name
By.name: group_namefound
By.name: group_name
By.name: group_namefound
By.name: group_name
By.name: group_namefound
By.name: group_header
By.name: group_headerfound
By.name: group_header
By.name: group_headerfound
By.name: group_header
By.name: group_headerfound
By.name: group_footer
By.name: group_footerfound
By.name: group_footer
By.name: group_footerfound
By.name: group_footer
By.name: group_footerfound
By.name: update
By.name: updatefound
By.xpath: //a[contains(text(),'groups')]
By.xpath: //a[contains(text(),'groups')]found
By.cssSelector: span.group
By.cssSelector: span.groupfound
By.tagName: input
By.tagName: inputfound
By.tagName: input
By.tagName: inputfound
By.tagName: input
By.tagName: inputfound
By.tagName: input
By.tagName: inputfound
By.tagName: input
By.tagName: inputfound
By.tagName: input
By.tagName: inputfound
By.tagName: input
By.tagName: inputfound
By.tagName: input
By.tagName: inputfound
By.tagName: input
By.tagName: inputfound
By.tagName: input
By.tagName: inputfound
By.tagName: input
By.tagName: inputfound
By.tagName: input
By.tagName: inputfound
By.tagName: input
By.tagName: inputfound
By.tagName: input
By.tagName: inputfound
By.tagName: input
By.tagName: inputfound
By.tagName: input
By.tagName: inputfound
By.tagName: input
By.tagName: inputfound
By.tagName: input
By.tagName: inputfound
By.tagName: input
By.tagName: inputfound
By.tagName: input
By.tagName: inputfound
By.tagName: input
By.tagName: inputfound
By.tagName: input
By.tagName: inputfound
By.tagName: input
By.tagName: inputfound
By.tagName: input
By.tagName: inputfound
By.tagName: input
By.tagName: inputfound
By.tagName: input
By.tagName: inputfound
By.tagName: input
By.tagName: inputfound
By.tagName: input
By.tagName: inputfound
By.tagName: input
By.tagName: inputfound
By.tagName: input
By.tagName: inputfound
By.tagName: input
By.tagName: inputfound
By.tagName: input
By.tagName: inputfound
By.tagName: input
By.tagName: inputfound
By.tagName: input
By.tagName: inputfound
By.tagName: input
By.tagName: inputfound
By.tagName: input
By.tagName: inputfound
By.tagName: input
By.tagName: inputfound
By.tagName: input
By.tagName: inputfound
By.tagName: input
By.tagName: inputfound
By.tagName: input
By.tagName: inputfound
By.tagName: input
By.tagName: inputfound
[GroupData{id=23, name='aqnbvfbdnyfwy 23'}, GroupData{id=22, name='atxhjlapopnolbrhw 22'}, GroupData{id=8, name='ckfymdbkwjdrzxse 08'}, GroupData{id=14, name='cqhrlpotrdcnpohqg 14'}, GroupData{id=9, name='cr 09'}, GroupData{id=16, name='eexiec 16'}, GroupData{id=20, name='ejlcfmchq 20'}, GroupData{id=11, name='fluentNameModif'}, GroupData{id=19, name='fluentNameModif'}, GroupData{id=26, name='Group 1'}, GroupData{id=35, name='Group 1'}, GroupData{id=27, name='Group 2'}, GroupData{id=36, name='Group 2'}, GroupData{id=28, name='Group 3'}, GroupData{id=37, name='Group 3'}, GroupData{id=29, name='Group 4'}, GroupData{id=38, name='Group 4'}, GroupData{id=30, name='Group 5'}, GroupData{id=39, name='Group 5'}, GroupData{id=31, name='Group 6'}, GroupData{id=40, name='Group 6'}, GroupData{id=32, name='Group 7'}, GroupData{id=41, name='Group 7'}, GroupData{id=33, name='Group 8'}, GroupData{id=42, name='Group 8'}, GroupData{id=4, name='izip 04'}, GroupData{id=21, name='jbmxtm 21'}, GroupData{id=13, name='jhxlscnlg 13'}, GroupData{id=12, name='jjnnc 12'}, GroupData{id=3, name='jmvsmappovafswz 03'}, GroupData{id=24, name='joozjfeg 24'}, GroupData{id=17, name='kkaqlfxohxymeq 17'}, GroupData{id=7, name='ky 07'}, GroupData{id=15, name='ndvwzjjgzqgcvows 15'}, GroupData{id=34, name='new'}, GroupData{id=43, name='new'}, GroupData{id=2, name='oteedayeyiarbkyxhspm 02'}, GroupData{id=25, name='qorcg 25'}, GroupData{id=1, name='qrcczj 01'}, GroupData{id=18, name='ss 18'}, GroupData{id=6, name='ANameModifnew2'}]
[GroupData{id=6, name='ANameModifnew2'}, GroupData{id=23, name='aqnbvfbdnyfwy 23'}, GroupData{id=22, name='atxhjlapopnolbrhw 22'}, GroupData{id=8, name='ckfymdbkwjdrzxse 08'}, GroupData{id=14, name='cqhrlpotrdcnpohqg 14'}, GroupData{id=9, name='cr 09'}, GroupData{id=16, name='eexiec 16'}, GroupData{id=20, name='ejlcfmchq 20'}, GroupData{id=11, name='fluentNameModif'}, GroupData{id=19, name='fluentNameModif'}, GroupData{id=26, name='Group 1'}, GroupData{id=35, name='Group 1'}, GroupData{id=27, name='Group 2'}, GroupData{id=36, name='Group 2'}, GroupData{id=28, name='Group 3'}, GroupData{id=37, name='Group 3'}, GroupData{id=29, name='Group 4'}, GroupData{id=38, name='Group 4'}, GroupData{id=30, name='Group 5'}, GroupData{id=39, name='Group 5'}, GroupData{id=31, name='Group 6'}, GroupData{id=40, name='Group 6'}, GroupData{id=32, name='Group 7'}, GroupData{id=41, name='Group 7'}, GroupData{id=33, name='Group 8'}, GroupData{id=42, name='Group 8'}, GroupData{id=4, name='izip 04'}, GroupData{id=21, name='jbmxtm 21'}, GroupData{id=13, name='jhxlscnlg 13'}, GroupData{id=12, name='jjnnc 12'}, GroupData{id=3, name='jmvsmappovafswz 03'}, GroupData{id=24, name='joozjfeg 24'}, GroupData{id=17, name='kkaqlfxohxymeq 17'}, GroupData{id=7, name='ky 07'}, GroupData{id=15, name='ndvwzjjgzqgcvows 15'}, GroupData{id=34, name='new'}, GroupData{id=43, name='new'}, GroupData{id=2, name='oteedayeyiarbkyxhspm 02'}, GroupData{id=25, name='qorcg 25'}, GroupData{id=1, name='qrcczj 01'}, GroupData{id=18, name='ss 18'}]
]]></system-out>
  <system-err><![CDATA[]]></system-err>
</testsuite>
