<?xml version="1.0" encoding="UTF-8"?>
<testsuite name="com.tr.example.tests.GroupDeletionTest" tests="2" skipped="0" failures="0" errors="0" timestamp="2018-09-29T17:43:21" hostname="Olgas-MacBook-Pro.local" time="3.094">
  <properties/>
  <testcase name="testGroupDeletion" classname="com.tr.example.tests.GroupDeletionTest" time="0.482"/>
  <testcase name="testGroupDeletionByIndex" classname="com.tr.example.tests.GroupDeletionTest" time="2.61"/>
  <system-out><![CDATA[20:43:21.183 [Test worker] INFO  c.tr.example.tests.GroupCreationTest - Start testGroupDeletion
By.tagName: h1
By.tagName: h1found
By.tagName: h1
By.tagName: h1found
By.linkText: groups
By.linkText: groupsfound
By.name: selected[]
By.name: selected[]found
By.name: selected[]
By.name: selected[]found
By.name: selected[]
By.name: selected[]found
By.name: delete
By.name: deletefound
By.xpath: //a[contains(text(),'groups')]
By.xpath: //a[contains(text(),'groups')]found
By.name: selected[]
By.name: selected[]found
By.tagName: h1
By.tagName: h1found
By.tagName: h1
By.tagName: h1found
By.linkText: groups
By.linkText: groupsfound
By.name: selected[]
By.name: selected[]found
By.cssSelector: span.group
By.cssSelector: span.groupfound
By.tagName: input
By.tagName: inputfound
By.tagName: input
By.tagName: inputfound
By.tagName: input
By.tagName: inputfound
By.tagName: input
By.tagName: inputfound
By.tagName: input
By.tagName: inputfound
By.tagName: input
By.tagName: inputfound
By.tagName: input
By.tagName: inputfound
By.tagName: input
By.tagName: inputfound
By.tagName: input
By.tagName: inputfound
By.tagName: input
By.tagName: inputfound
By.tagName: input
By.tagName: inputfound
By.tagName: input
By.tagName: inputfound
By.tagName: input
By.tagName: inputfound
By.tagName: input
By.tagName: inputfound
By.tagName: input
By.tagName: inputfound
By.tagName: input
By.tagName: inputfound
By.tagName: input
By.tagName: inputfound
By.tagName: input
By.tagName: inputfound
By.tagName: input
By.tagName: inputfound
By.tagName: input
By.tagName: inputfound
By.tagName: input
By.tagName: inputfound
By.tagName: input
By.tagName: inputfound
By.tagName: input
By.tagName: inputfound
By.tagName: input
By.tagName: inputfound
By.tagName: input
By.tagName: inputfound
By.tagName: input
By.tagName: inputfound
By.tagName: input
By.tagName: inputfound
By.tagName: input
By.tagName: inputfound
By.tagName: input
By.tagName: inputfound
By.tagName: input
By.tagName: inputfound
By.tagName: input
By.tagName: inputfound
By.tagName: input
By.tagName: inputfound
By.tagName: input
By.tagName: inputfound
By.tagName: input
By.tagName: inputfound
By.tagName: input
By.tagName: inputfound
By.tagName: input
By.tagName: inputfound
By.tagName: input
By.tagName: inputfound
By.tagName: input
By.tagName: inputfound
By.tagName: input
By.tagName: inputfound
By.tagName: input
By.tagName: inputfound
By.name: selected[]
By.name: selected[]found
By.name: delete
By.name: deletefound
By.xpath: //a[contains(text(),'groups')]
By.xpath: //a[contains(text(),'groups')]found
By.cssSelector: span.group
By.cssSelector: span.groupfound
By.tagName: input
By.tagName: inputfound
By.tagName: input
By.tagName: inputfound
By.tagName: input
By.tagName: inputfound
By.tagName: input
By.tagName: inputfound
By.tagName: input
By.tagName: inputfound
By.tagName: input
By.tagName: inputfound
By.tagName: input
By.tagName: inputfound
By.tagName: input
By.tagName: inputfound
By.tagName: input
By.tagName: inputfound
By.tagName: input
By.tagName: inputfound
By.tagName: input
By.tagName: inputfound
By.tagName: input
By.tagName: inputfound
By.tagName: input
By.tagName: inputfound
By.tagName: input
By.tagName: inputfound
By.tagName: input
By.tagName: inputfound
By.tagName: input
By.tagName: inputfound
By.tagName: input
By.tagName: inputfound
By.tagName: input
By.tagName: inputfound
By.tagName: input
By.tagName: inputfound
By.tagName: input
By.tagName: inputfound
By.tagName: input
By.tagName: inputfound
By.tagName: input
By.tagName: inputfound
By.tagName: input
By.tagName: inputfound
By.tagName: input
By.tagName: inputfound
By.tagName: input
By.tagName: inputfound
By.tagName: input
By.tagName: inputfound
By.tagName: input
By.tagName: inputfound
By.tagName: input
By.tagName: inputfound
By.tagName: input
By.tagName: inputfound
By.tagName: input
By.tagName: inputfound
By.tagName: input
By.tagName: inputfound
By.tagName: input
By.tagName: inputfound
By.tagName: input
By.tagName: inputfound
By.tagName: input
By.tagName: inputfound
By.tagName: input
By.tagName: inputfound
By.tagName: input
By.tagName: inputfound
By.tagName: input
By.tagName: inputfound
By.tagName: input
By.tagName: inputfound
By.tagName: input
By.tagName: inputfound
]]></system-out>
  <system-err><![CDATA[]]></system-err>
</testsuite>
