<?xml version="1.0" encoding="UTF-8"?>
<testsuite name="com.tr.example.tests.GroupCreationTest" tests="9" skipped="0" failures="0" errors="0" timestamp="2018-09-29T17:43:07" hostname="Olgas-MacBook-Pro.local" time="9.913">
  <properties/>
  <testcase name="testGroupCreation[0](GroupData{id=0, name='Group 1'})" classname="com.tr.example.tests.GroupCreationTest" time="0.935"/>
  <testcase name="testGroupCreation[1](GroupData{id=0, name='Group 2'})" classname="com.tr.example.tests.GroupCreationTest" time="0.874"/>
  <testcase name="testGroupCreation[2](GroupData{id=0, name='Group 3'})" classname="com.tr.example.tests.GroupCreationTest" time="0.859"/>
  <testcase name="testGroupCreation[3](GroupData{id=0, name='Group 4'})" classname="com.tr.example.tests.GroupCreationTest" time="0.839"/>
  <testcase name="testGroupCreation[4](GroupData{id=0, name='Group 5'})" classname="com.tr.example.tests.GroupCreationTest" time="0.831"/>
  <testcase name="testGroupCreation[5](GroupData{id=0, name='Group 6'})" classname="com.tr.example.tests.GroupCreationTest" time="0.883"/>
  <testcase name="testGroupCreation[6](GroupData{id=0, name='Group 7'})" classname="com.tr.example.tests.GroupCreationTest" time="0.81"/>
  <testcase name="testGroupCreation[7](GroupData{id=0, name='Group 8'})" classname="com.tr.example.tests.GroupCreationTest" time="0.865"/>
  <testcase name="testGroupCreationIndex" classname="com.tr.example.tests.GroupCreationTest" time="3.008"/>
  <system-out><![CDATA[20:43:07.030 [Test worker] INFO  c.tr.example.tests.GroupCreationTest - Start testGroupCreation
By.tagName: h1
By.tagName: h1found
By.tagName: h1
By.tagName: h1found
By.linkText: groups
By.linkText: groupsfound
By.name: selected[]
By.name: selected[]found
By.name: new
By.name: newfound
By.name: group_name
By.name: group_namefound
By.name: group_name
By.name: group_namefound
By.name: group_name
By.name: group_namefound
By.name: group_header
By.name: group_headerfound
By.name: group_header
By.name: group_headerfound
By.name: group_header
By.name: group_headerfound
By.name: group_footer
By.name: group_footerfound
By.name: group_footer
By.name: group_footerfound
By.name: group_footer
By.name: group_footerfound
By.name: submit
By.name: submitfound
By.xpath: //a[contains(text(),'groups')]
By.xpath: //a[contains(text(),'groups')]found
By.name: selected[]
By.name: selected[]found
By.tagName: h1
By.tagName: h1found
By.tagName: h1
By.tagName: h1found
By.linkText: groups
By.linkText: groupsfound
By.name: selected[]
By.name: selected[]found
By.name: new
By.name: newfound
By.name: group_name
By.name: group_namefound
By.name: group_name
By.name: group_namefound
By.name: group_name
By.name: group_namefound
By.name: group_header
By.name: group_headerfound
By.name: group_header
By.name: group_headerfound
By.name: group_header
By.name: group_headerfound
By.name: group_footer
By.name: group_footerfound
By.name: group_footer
By.name: group_footerfound
By.name: group_footer
By.name: group_footerfound
By.name: submit
By.name: submitfound
By.xpath: //a[contains(text(),'groups')]
By.xpath: //a[contains(text(),'groups')]found
By.name: selected[]
By.name: selected[]found
By.tagName: h1
By.tagName: h1found
By.tagName: h1
By.tagName: h1found
By.linkText: groups
By.linkText: groupsfound
By.name: selected[]
By.name: selected[]found
By.name: new
By.name: newfound
By.name: group_name
By.name: group_namefound
By.name: group_name
By.name: group_namefound
By.name: group_name
By.name: group_namefound
By.name: group_header
By.name: group_headerfound
By.name: group_header
By.name: group_headerfound
By.name: group_header
By.name: group_headerfound
By.name: group_footer
By.name: group_footerfound
By.name: group_footer
By.name: group_footerfound
By.name: group_footer
By.name: group_footerfound
By.name: submit
By.name: submitfound
By.xpath: //a[contains(text(),'groups')]
By.xpath: //a[contains(text(),'groups')]found
By.name: selected[]
By.name: selected[]found
By.tagName: h1
By.tagName: h1found
By.tagName: h1
By.tagName: h1found
By.linkText: groups
By.linkText: groupsfound
By.name: selected[]
By.name: selected[]found
By.name: new
By.name: newfound
By.name: group_name
By.name: group_namefound
By.name: group_name
By.name: group_namefound
By.name: group_name
By.name: group_namefound
By.name: group_header
By.name: group_headerfound
By.name: group_header
By.name: group_headerfound
By.name: group_header
By.name: group_headerfound
By.name: group_footer
By.name: group_footerfound
By.name: group_footer
By.name: group_footerfound
By.name: group_footer
By.name: group_footerfound
By.name: submit
By.name: submitfound
By.xpath: //a[contains(text(),'groups')]
By.xpath: //a[contains(text(),'groups')]found
By.name: selected[]
By.name: selected[]found
By.tagName: h1
By.tagName: h1found
By.tagName: h1
By.tagName: h1found
By.linkText: groups
By.linkText: groupsfound
By.name: selected[]
By.name: selected[]found
By.name: new
By.name: newfound
By.name: group_name
By.name: group_namefound
By.name: group_name
By.name: group_namefound
By.name: group_name
By.name: group_namefound
By.name: group_header
By.name: group_headerfound
By.name: group_header
By.name: group_headerfound
By.name: group_header
By.name: group_headerfound
By.name: group_footer
By.name: group_footerfound
By.name: group_footer
By.name: group_footerfound
By.name: group_footer
By.name: group_footerfound
By.name: submit
By.name: submitfound
By.xpath: //a[contains(text(),'groups')]
By.xpath: //a[contains(text(),'groups')]found
By.name: selected[]
By.name: selected[]found
By.tagName: h1
By.tagName: h1found
By.tagName: h1
By.tagName: h1found
By.linkText: groups
By.linkText: groupsfound
By.name: selected[]
By.name: selected[]found
By.name: new
By.name: newfound
By.name: group_name
By.name: group_namefound
By.name: group_name
By.name: group_namefound
By.name: group_name
By.name: group_namefound
By.name: group_header
By.name: group_headerfound
By.name: group_header
By.name: group_headerfound
By.name: group_header
By.name: group_headerfound
By.name: group_footer
By.name: group_footerfound
By.name: group_footer
By.name: group_footerfound
By.name: group_footer
By.name: group_footerfound
By.name: submit
By.name: submitfound
By.xpath: //a[contains(text(),'groups')]
By.xpath: //a[contains(text(),'groups')]found
By.name: selected[]
By.name: selected[]found
By.tagName: h1
By.tagName: h1found
By.tagName: h1
By.tagName: h1found
By.linkText: groups
By.linkText: groupsfound
By.name: selected[]
By.name: selected[]found
By.name: new
By.name: newfound
By.name: group_name
By.name: group_namefound
By.name: group_name
By.name: group_namefound
By.name: group_name
By.name: group_namefound
By.name: group_header
By.name: group_headerfound
By.name: group_header
By.name: group_headerfound
By.name: group_header
By.name: group_headerfound
By.name: group_footer
By.name: group_footerfound
By.name: group_footer
By.name: group_footerfound
By.name: group_footer
By.name: group_footerfound
By.name: submit
By.name: submitfound
By.xpath: //a[contains(text(),'groups')]
By.xpath: //a[contains(text(),'groups')]found
By.name: selected[]
By.name: selected[]found
By.tagName: h1
By.tagName: h1found
By.tagName: h1
By.tagName: h1found
By.linkText: groups
By.linkText: groupsfound
By.name: selected[]
By.name: selected[]found
By.name: new
By.name: newfound
By.name: group_name
By.name: group_namefound
By.name: group_name
By.name: group_namefound
By.name: group_name
By.name: group_namefound
By.name: group_header
By.name: group_headerfound
By.name: group_header
By.name: group_headerfound
By.name: group_header
By.name: group_headerfound
By.name: group_footer
By.name: group_footerfound
By.name: group_footer
By.name: group_footerfound
By.name: group_footer
By.name: group_footerfound
By.name: submit
By.name: submitfound
By.xpath: //a[contains(text(),'groups')]
By.xpath: //a[contains(text(),'groups')]found
By.name: selected[]
By.name: selected[]found
By.tagName: h1
By.tagName: h1found
By.tagName: h1
By.tagName: h1found
By.linkText: groups
By.linkText: groupsfound
By.cssSelector: span.group
By.cssSelector: span.groupfound
By.tagName: input
By.tagName: inputfound
By.tagName: input
By.tagName: inputfound
By.tagName: input
By.tagName: inputfound
By.tagName: input
By.tagName: inputfound
By.tagName: input
By.tagName: inputfound
By.tagName: input
By.tagName: inputfound
By.tagName: input
By.tagName: inputfound
By.tagName: input
By.tagName: inputfound
By.tagName: input
By.tagName: inputfound
By.tagName: input
By.tagName: inputfound
By.tagName: input
By.tagName: inputfound
By.tagName: input
By.tagName: inputfound
By.tagName: input
By.tagName: inputfound
By.tagName: input
By.tagName: inputfound
By.tagName: input
By.tagName: inputfound
By.tagName: input
By.tagName: inputfound
By.tagName: input
By.tagName: inputfound
By.tagName: input
By.tagName: inputfound
By.tagName: input
By.tagName: inputfound
By.tagName: input
By.tagName: inputfound
By.tagName: input
By.tagName: inputfound
By.tagName: input
By.tagName: inputfound
By.tagName: input
By.tagName: inputfound
By.tagName: input
By.tagName: inputfound
By.tagName: input
By.tagName: inputfound
By.tagName: input
By.tagName: inputfound
By.tagName: input
By.tagName: inputfound
By.tagName: input
By.tagName: inputfound
By.tagName: input
By.tagName: inputfound
By.tagName: input
By.tagName: inputfound
By.tagName: input
By.tagName: inputfound
By.tagName: input
By.tagName: inputfound
By.tagName: input
By.tagName: inputfound
By.tagName: input
By.tagName: inputfound
By.tagName: input
By.tagName: inputfound
By.tagName: input
By.tagName: inputfound
By.tagName: input
By.tagName: inputfound
By.tagName: input
By.tagName: inputfound
By.tagName: input
By.tagName: inputfound
By.tagName: input
By.tagName: inputfound
By.name: new
By.name: newfound
By.name: group_name
By.name: group_namefound
By.name: group_name
By.name: group_namefound
By.name: group_name
By.name: group_namefound
By.name: submit
By.name: submitfound
By.xpath: //a[contains(text(),'groups')]
By.xpath: //a[contains(text(),'groups')]found
By.cssSelector: span.group
By.cssSelector: span.groupfound
By.tagName: input
By.tagName: inputfound
By.tagName: input
By.tagName: inputfound
By.tagName: input
By.tagName: inputfound
By.tagName: input
By.tagName: inputfound
By.tagName: input
By.tagName: inputfound
By.tagName: input
By.tagName: inputfound
By.tagName: input
By.tagName: inputfound
By.tagName: input
By.tagName: inputfound
By.tagName: input
By.tagName: inputfound
By.tagName: input
By.tagName: inputfound
By.tagName: input
By.tagName: inputfound
By.tagName: input
By.tagName: inputfound
By.tagName: input
By.tagName: inputfound
By.tagName: input
By.tagName: inputfound
By.tagName: input
By.tagName: inputfound
By.tagName: input
By.tagName: inputfound
By.tagName: input
By.tagName: inputfound
By.tagName: input
By.tagName: inputfound
By.tagName: input
By.tagName: inputfound
By.tagName: input
By.tagName: inputfound
By.tagName: input
By.tagName: inputfound
By.tagName: input
By.tagName: inputfound
By.tagName: input
By.tagName: inputfound
By.tagName: input
By.tagName: inputfound
By.tagName: input
By.tagName: inputfound
By.tagName: input
By.tagName: inputfound
By.tagName: input
By.tagName: inputfound
By.tagName: input
By.tagName: inputfound
By.tagName: input
By.tagName: inputfound
By.tagName: input
By.tagName: inputfound
By.tagName: input
By.tagName: inputfound
By.tagName: input
By.tagName: inputfound
By.tagName: input
By.tagName: inputfound
By.tagName: input
By.tagName: inputfound
By.tagName: input
By.tagName: inputfound
By.tagName: input
By.tagName: inputfound
By.tagName: input
By.tagName: inputfound
By.tagName: input
By.tagName: inputfound
By.tagName: input
By.tagName: inputfound
By.tagName: input
By.tagName: inputfound
By.tagName: input
By.tagName: inputfound
]]></system-out>
  <system-err><![CDATA[]]></system-err>
</testsuite>
